[13:47:53] [ServerMain/INFO]: Environment: Environment[sessionHost=https://sessionserver.mojang.com, servicesHost=https://api.minecraftservices.com, name=PROD]
[13:47:53] [ServerMain/INFO]: Found new data pack file/bukkit, loading it automatically
[13:47:53] [ServerMain/INFO]: Found new data pack paper, loading it automatically
[13:47:54] [ServerMain/INFO]: No existing world data, creating new world
[13:47:55] [ServerMain/INFO]: Loaded 1175 recipes
[13:47:55] [ServerMain/INFO]: Loaded 1276 advancements
[13:47:55] [Server thread/INFO]: Starting minecraft server version 1.20.6
[13:47:55] [Server thread/INFO]: Loading properties
[13:47:55] [Server thread/INFO]: This server is running Paper version 1.20.6-138-master@906df69 (2024-06-10T06:32:15Z) (Implementing API version 1.20.6-R0.1-SNAPSHOT)
[13:47:56] [Server thread/INFO]: Server Ping Player Sample Count: 12
[13:47:56] [Server thread/INFO]: Using 4 threads for Netty based IO
[13:47:57] [Server thread/INFO]: [ChunkTaskScheduler] Chunk system is using 1 I/O threads, 1 worker threads, and gen parallelism of 1 threads
[13:47:57] [Server thread/WARN]: [!] The timings profiler has been enabled but has been scheduled for removal from Paper in the future.
    We recommend installing the spark profiler as a replacement: https://spark.lucko.me/
    For more information please visit: https://github.com/PaperMC/Paper/issues/8948
[13:47:57] [Server thread/INFO]: Default game type: SURVIVAL
[13:47:57] [Server thread/INFO]: Generating keypair
[13:47:58] [Server thread/INFO]: Starting Minecraft server on *:25565
[13:47:58] [Server thread/INFO]: Using default channel type
[13:47:58] [Server thread/INFO]: Paper: Using Java compression from Velocity.
[13:47:58] [Server thread/INFO]: Paper: Using Java cipher from Velocity.
[13:47:58] [Server thread/INFO]: Preparing level "world"
[13:48:11] [Server thread/INFO]: Preparing start region for dimension minecraft:overworld
[13:48:26] [Server thread/INFO]: Time elapsed: 15205 ms
[13:48:26] [Server thread/INFO]: Preparing start region for dimension minecraft:the_nether
[13:48:30] [Server thread/INFO]: Time elapsed: 4004 ms
[13:48:30] [Server thread/INFO]: Preparing start region for dimension minecraft:the_end
[13:48:35] [Server thread/INFO]: Time elapsed: 4419 ms
[13:48:35] [Server thread/INFO]: Running delayed init tasks
[13:48:35] [Server thread/INFO]: Done (39.315s)! For help, type "help"
[13:48:35] [Server thread/INFO]: *************************************************************************************
[13:48:35] [Server thread/INFO]: This is the first time you're starting this server.
[13:48:35] [Server thread/INFO]: It's recommended you read our 'Getting Started' documentation for guidance.
[13:48:35] [Server thread/INFO]: View this and more helpful information here: https://docs.papermc.io/paper/next-steps
[13:48:35] [Server thread/INFO]: *************************************************************************************
[13:48:35] [Server thread/INFO]: Timings Reset
[13:50:30] [User Authenticator #0/INFO]: UUID of player matte275 is 3e85ad50-84fa-413c-b59a-210fdcda9294
[13:50:31] [Server thread/INFO]: matte275 joined the game
[13:50:31] [Server thread/INFO]: matte275[/127.0.0.1:53512] logged in with entity id 29 at ([world]-473.5, 69.0, 292.5)
[13:52:52] [Server thread/INFO]: Unknown or incomplete command, see below for error
/op matte275<--[HERE]
[13:52:58] [Server thread/INFO]: Unknown or incomplete command, see below for error
/op matte275<--[HERE]
[13:53:11] [Server thread/INFO]: Made matte275 a server operator
[13:53:25] [Server thread/INFO]: matte275 issued server command: /gamemode creative
[13:53:25] [Server thread/INFO]: [matte275: Set own game mode to Creative Mode]
[13:53:54] [Server thread/INFO]: matte275 lost connection: Disconnected
[13:53:54] [Server thread/INFO]: matte275 left the game
[13:55:28] [Server thread/INFO]: Stopping the server
[13:55:28] [Server thread/INFO]: Stopping server
[13:55:28] [Server thread/INFO]: Saving players
[13:55:28] [Server thread/INFO]: Saving worlds
[13:55:28] [Server thread/INFO]: Saving chunks for level 'ServerLevel[world]'/minecraft:overworld
[13:55:28] [Server thread/INFO]: [ChunkHolderManager] Waiting 60s for chunk system to halt for world 'world'
[13:55:28] [Server thread/INFO]: [ChunkHolderManager] Halted chunk system for world 'world'
[13:55:28] [Server thread/INFO]: [ChunkHolderManager] Saving all chunkholders for world 'world'
[13:55:30] [Server thread/INFO]: [ChunkHolderManager] Saved 920 block chunks, 743 entity chunks, 2 poi chunks in world 'world' in 1,49s
[13:55:30] [Server thread/INFO]: ThreadedAnvilChunkStorage (world): All chunks are saved
[13:55:30] [Server thread/INFO]: Saving chunks for level 'ServerLevel[world_nether]'/minecraft:the_nether
[13:55:30] [Server thread/INFO]: [ChunkHolderManager] Waiting 60s for chunk system to halt for world 'world_nether'
[13:55:30] [Server thread/INFO]: [ChunkHolderManager] Halted chunk system for world 'world_nether'
[13:55:30] [Server thread/INFO]: [ChunkHolderManager] Saving all chunkholders for world 'world_nether'
[13:55:30] [Server thread/INFO]: [ChunkHolderManager] Saved 795 block chunks, 0 entity chunks, 0 poi chunks in world 'world_nether' in 0,19s
[13:55:30] [Server thread/INFO]: ThreadedAnvilChunkStorage (DIM-1): All chunks are saved
[13:55:30] [Server thread/INFO]: Saving chunks for level 'ServerLevel[world_the_end]'/minecraft:the_end
[13:55:30] [Server thread/INFO]: [ChunkHolderManager] Waiting 60s for chunk system to halt for world 'world_the_end'
[13:55:30] [Server thread/INFO]: [ChunkHolderManager] Halted chunk system for world 'world_the_end'
[13:55:30] [Server thread/INFO]: [ChunkHolderManager] Saving all chunkholders for world 'world_the_end'
[13:55:30] [Server thread/INFO]: [ChunkHolderManager] Saved 792 block chunks, 10 entity chunks, 0 poi chunks in world 'world_the_end' in 0,16s
[13:55:30] [Server thread/INFO]: ThreadedAnvilChunkStorage (DIM1): All chunks are saved
[13:55:30] [Server thread/INFO]: ThreadedAnvilChunkStorage: All dimensions are saved
[13:55:30] [Server thread/INFO]: Flushing Chunk IO
[13:55:30] [Server thread/INFO]: Closing Thread Pool
[13:55:30] [Server thread/INFO]: Closing Server
